0 info it worked if it ends with ok
1 verbose cli [ 'C:\\Program Files (x86)\\nodejs\\node.exe',
1 verbose cli   'C:\\Program Files (x86)\\nodejs\\node_modules\\npm\\bin\\npm-cli.js',
1 verbose cli   'install',
1 verbose cli   '—-save-dev',
1 verbose cli   'gulp' ]
2 info using npm@2.14.7
3 info using node@v4.2.2
4 verbose install initial load of E:\github\bog\package.json
5 verbose installManyTop reading scoped package data from E:\github\bog\node_modules\bcryptjs\package.json
6 verbose installManyTop reading scoped package data from E:\github\bog\node_modules\body-parser\package.json
7 verbose installManyTop reading scoped package data from E:\github\bog\node_modules\cookie-parser\package.json
8 verbose installManyTop reading scoped package data from E:\github\bog\node_modules\debug\package.json
9 verbose installManyTop reading scoped package data from E:\github\bog\node_modules\ejs\package.json
10 verbose installManyTop reading scoped package data from E:\github\bog\node_modules\express\package.json
11 verbose installManyTop reading scoped package data from E:\github\bog\node_modules\express-session\package.json
12 verbose installManyTop reading scoped package data from E:\github\bog\node_modules\gulp\package.json
13 verbose installManyTop reading scoped package data from E:\github\bog\node_modules\gulp-concat\package.json
14 verbose installManyTop reading scoped package data from E:\github\bog\node_modules\gulp-jshint\package.json
15 verbose installManyTop reading scoped package data from E:\github\bog\node_modules\gulp-rename\package.json
16 verbose installManyTop reading scoped package data from E:\github\bog\node_modules\gulp-sass\package.json
17 verbose installManyTop reading scoped package data from E:\github\bog\node_modules\gulp-uglify\package.json
18 verbose installManyTop reading scoped package data from E:\github\bog\node_modules\jshint\package.json
19 verbose installManyTop reading scoped package data from E:\github\bog\node_modules\mongodb\package.json
20 verbose installManyTop reading scoped package data from E:\github\bog\node_modules\mongoose\package.json
21 verbose installManyTop reading scoped package data from E:\github\bog\node_modules\morgan\package.json
22 verbose installManyTop reading scoped package data from E:\github\bog\node_modules\querystring\package.json
23 verbose installManyTop reading scoped package data from E:\github\bog\node_modules\redis\package.json
24 verbose installManyTop reading scoped package data from E:\github\bog\node_modules\serve-favicon\package.json
25 info package.json querystring@0.2.0 querystring is also the name of a node core module.
26 info package.json querystring@0.2.0 No license field.
27 info package.json gulp-rename@1.2.2 No license field.
28 verbose readDependencies loading dependencies from E:\github\bog\package.json
29 silly cache add args [ '—-save-dev', null ]
30 verbose cache add spec —-save-dev
31 verbose install gulp is installed as 3.9.1
32 silly cache add args [ 'gulp', null ]
33 verbose cache add spec gulp
34 silly cache add parsed spec Result {
34 silly cache add   raw: '—-save-dev',
34 silly cache add   scope: null,
34 silly cache add   name: null,
34 silly cache add   rawSpec: '—-save-dev',
34 silly cache add   spec: 'E:\\github\\bog\\—-save-dev',
34 silly cache add   type: 'local' }
35 silly cache add parsed spec Result {
35 silly cache add   raw: 'gulp',
35 silly cache add   scope: null,
35 silly cache add   name: 'gulp',
35 silly cache add   rawSpec: '',
35 silly cache add   spec: '*',
35 silly cache add   type: 'range' }
36 silly addNamed gulp@*
37 verbose addNamed "*" is a valid semver range for gulp
38 silly addNameRange { name: 'gulp', range: '*', hasData: false }
39 silly mapToRegistry name gulp
40 silly mapToRegistry using default registry
41 silly mapToRegistry registry https://registry.npmjs.org/
42 silly mapToRegistry uri https://registry.npmjs.org/gulp
43 verbose addNameRange registry:https://registry.npmjs.org/gulp not in flight; fetching
44 error addLocal Could not install E:\github\bog\—-save-dev
45 verbose request uri https://registry.npmjs.org/gulp
46 verbose request no auth needed
47 info attempt registry request try #1 at 17:09:13
48 verbose request id e96f6c9a574db17a
49 verbose etag "A9FLRDC8HD2IP45N62F4A04C7"
50 http request GET https://registry.npmjs.org/gulp
51 http 400 https://registry.npmjs.org/gulp
52 verbose headers {}
53 silly get cb [ 304, undefined ]
54 verbose etag https://registry.npmjs.org/gulp from cache
55 verbose get saving gulp to C:\Users\wenxuan\AppData\Roaming\npm-cache\registry.npmjs.org\gulp\.cache.json
56 silly addNameRange number 2 { name: 'gulp', range: '*', hasData: true }
57 silly addNameRange versions [ 'gulp',
57 silly addNameRange   [ '0.0.1',
57 silly addNameRange     '0.0.2',
57 silly addNameRange     '0.0.3',
57 silly addNameRange     '0.0.4',
57 silly addNameRange     '0.0.5',
57 silly addNameRange     '0.0.7',
57 silly addNameRange     '0.0.8',
57 silly addNameRange     '0.0.9',
57 silly addNameRange     '0.1.0',
57 silly addNameRange     '0.2.0',
57 silly addNameRange     '1.0.0',
57 silly addNameRange     '1.1.0',
57 silly addNameRange     '1.2.0',
57 silly addNameRange     '1.2.1',
57 silly addNameRange     '2.0.0',
57 silly addNameRange     '2.0.1',
57 silly addNameRange     '2.1.0',
57 silly addNameRange     '2.2.0',
57 silly addNameRange     '2.3.0',
57 silly addNameRange     '2.4.0',
57 silly addNameRange     '2.4.1',
57 silly addNameRange     '2.6.0',
57 silly addNameRange     '2.6.1',
57 silly addNameRange     '2.7.0',
57 silly addNameRange     '3.0.0',
57 silly addNameRange     '3.1.1',
57 silly addNameRange     '3.1.2',
57 silly addNameRange     '3.1.3',
57 silly addNameRange     '3.1.4',
57 silly addNameRange     '3.2.0',
57 silly addNameRange     '3.2.1',
57 silly addNameRange     '3.2.2',
57 silly addNameRange     '3.2.3',
57 silly addNameRange     '3.2.4',
57 silly addNameRange     '3.2.5',
57 silly addNameRange     '3.3.0',
57 silly addNameRange     '3.3.1',
57 silly addNameRange     '3.3.2',
57 silly addNameRange     '3.3.4',
57 silly addNameRange     '3.4.0',
57 silly addNameRange     '3.5.0',
57 silly addNameRange     '3.5.1',
57 silly addNameRange     '3.5.2',
57 silly addNameRange     '3.5.5',
57 silly addNameRange     '3.5.6',
57 silly addNameRange     '3.6.0',
57 silly addNameRange     '3.6.1',
57 silly addNameRange     '3.6.2',
57 silly addNameRange     '3.7.0',
57 silly addNameRange     '3.8.0',
57 silly addNameRange     '3.8.1',
57 silly addNameRange     '3.8.2',
57 silly addNameRange     '3.8.3',
57 silly addNameRange     '3.8.4',
57 silly addNameRange     '3.8.5',
57 silly addNameRange     '3.8.6',
57 silly addNameRange     '3.8.7',
57 silly addNameRange     '3.8.8',
57 silly addNameRange     '3.8.9',
57 silly addNameRange     '3.8.10',
57 silly addNameRange     '3.8.11',
57 silly addNameRange     '3.9.0',
57 silly addNameRange     '3.9.1' ] ]
58 silly addNamed gulp@3.9.1
59 verbose addNamed "3.9.1" is a plain semver version for gulp
60 silly cache afterAdd gulp@3.9.1
61 verbose afterAdd C:\Users\wenxuan\AppData\Roaming\npm-cache\gulp\3.9.1\package\package.json not in flight; writing
62 verbose afterAdd C:\Users\wenxuan\AppData\Roaming\npm-cache\gulp\3.9.1\package\package.json written
63 verbose stack Error: ENOENT: no such file or directory, open 'E:\github\bog\—-save-dev'
63 verbose stack     at Error (native)
64 verbose cwd E:\github\bog
65 error Windows_NT 6.1.7601
66 error argv "C:\\Program Files (x86)\\nodejs\\node.exe" "C:\\Program Files (x86)\\nodejs\\node_modules\\npm\\bin\\npm-cli.js" "install" "—-save-dev" "gulp"
67 error node v4.2.2
68 error npm  v2.14.7
69 error path E:\github\bog\—-save-dev
70 error code ENOENT
71 error errno -4058
72 error syscall open
73 error enoent ENOENT: no such file or directory, open 'E:\github\bog\—-save-dev'
73 error enoent This is most likely not a problem with npm itself
73 error enoent and is related to npm not being able to find a file.
74 verbose exit [ -4058, true ]
